2016/12/29 17:53:36 [I] [main.go:23] server start

2016/12/29 17:53:49 [I] [GoCallBack.go:34] OnConnect: 192.168.2.132:65527

2016/12/29 17:53:50 [I] [GoProtocol.go:28] headerData: [0 0 0 68]

2016/12/29 17:53:50 [I] [GoProtocol.go:34] Data: [0 0 0 68 220 54 54 246 215 85 185 130 194 99 215 186 130 205 153 6 135 27 72 2 248 18 29 54 226 111 172 114 38 46 231 229 165 129 124 151 133 241 169 171 118 177 11 145 10 162 202 139 24 146 136 102 218 76 199 25 98 18 130 82 132 42 48 57]

2016/12/29 17:53:50 [I] [GoPacket.go:58] [0 0 0 1 10 7 87 104 115 95 49 49 48 18 9 230 136 145 229 190 136 229 184 133 26 6 49 50 51 52 53 54 32 2 40 1 50 15 229 184 133 229 136 176 230 178 161 230 156 139 229 143 139]

2016/12/29 17:53:50 [I] [GoCallBack.go:41] &{57 1 [10 7 87 104 115 95 49 49 48 18 9 230 136 145 229 190 136 229 184 133 26 6 49 50 51 52 53 54 32 2 40 1 50 15 229 184 133 229 136 176 230 178 161 230 156 139 229 143 139]}

2016/12/29 17:53:50 [I] [LoginLogicHandler.go:68] [10 7 87 104 115 95 49 49 48 18 9 230 136 145 229 190 136 229 184 133 26 6 49 50 51 52 53 54 32 2 40 1 50 15 229 184 133 229 136 176 230 178 161 230 156 139 229 143 139]

2016/12/29 17:53:50 [I] [LoginLogicHandler.go:75] account:"Whs_110" name:"\346\210\221\345\276\210\345\270\205" passwd:"123456" icon:2 sex:1 autograph:"\345\270\205\345\210\260\346\262\241\346\234\213\345\217\213" 

2016/12/29 17:53:50 [I] [GoPacket.go:46] [0 0 0 20 161 127 208 145 72 7 101 254 106 22 145 133 248 147 213 96]

2016/12/29 17:54:50 [E] [GoProtocol.go:25] io.ReadFull  read tcp 192.168.2.171:8000->192.168.2.132:65527: use of closed network connection

2016/12/29 17:54:50 [I] [GoCallBack.go:52] OnClose: &{0 192.168.2.132:65527 {{0 0} 0 0 0 0}}

2016/12/29 17:54:59 [I] [GoCallBack.go:34] OnConnect: 192.168.2.132:1373

2016/12/29 17:55:00 [I] [GoProtocol.go:28] headerData: [0 0 0 68]

2016/12/29 17:55:00 [I] [GoProtocol.go:34] Data: [0 0 0 68 220 54 54 246 215 85 185 130 194 99 215 186 130 205 153 6 135 27 72 2 248 18 29 54 226 111 172 114 38 46 231 229 165 129 124 151 133 241 169 171 118 177 11 145 10 162 202 139 24 146 136 102 218 76 199 25 98 18 130 82 132 42 48 57]

2016/12/29 17:55:00 [I] [GoPacket.go:58] [0 0 0 1 10 7 87 104 115 95 49 49 48 18 9 230 136 145 229 190 136 229 184 133 26 6 49 50 51 52 53 54 32 2 40 1 50 15 229 184 133 229 136 176 230 178 161 230 156 139 229 143 139]

2016/12/29 17:55:00 [I] [GoCallBack.go:41] &{57 1 [10 7 87 104 115 95 49 49 48 18 9 230 136 145 229 190 136 229 184 133 26 6 49 50 51 52 53 54 32 2 40 1 50 15 229 184 133 229 136 176 230 178 161 230 156 139 229 143 139]}

2016/12/29 17:55:00 [I] [LoginLogicHandler.go:68] [10 7 87 104 115 95 49 49 48 18 9 230 136 145 229 190 136 229 184 133 26 6 49 50 51 52 53 54 32 2 40 1 50 15 229 184 133 229 136 176 230 178 161 230 156 139 229 143 139]

2016/12/29 17:55:00 [I] [LoginLogicHandler.go:75] account:"Whs_110" name:"\346\210\221\345\276\210\345\270\205" passwd:"123456" icon:2 sex:1 autograph:"\345\270\205\345\210\260\346\262\241\346\234\213\345\217\213" 

2016/12/29 17:55:00 [I] [GoPacket.go:46] [0 0 0 20 161 127 208 145 72 7 101 254 106 22 145 133 248 147 213 96]

2016/12/29 17:56:00 [E] [GoProtocol.go:25] io.ReadFull  read tcp 192.168.2.171:8000->192.168.2.132:1373: use of closed network connection

2016/12/29 17:56:00 [I] [GoCallBack.go:52] OnClose: &{0 192.168.2.132:1373 {{0 0} 0 0 0 0}}

2016/12/29 17:56:51 [I] [GoCallBack.go:34] OnConnect: 192.168.2.132:1944

2016/12/29 17:56:52 [I] [GoProtocol.go:28] headerData: [0 0 0 68]

2016/12/29 17:56:52 [I] [GoProtocol.go:34] Data: [0 0 0 68 220 54 54 246 215 85 185 130 194 99 215 186 130 205 153 6 135 27 72 2 248 18 29 54 226 111 172 114 38 46 231 229 165 129 124 151 133 241 169 171 118 177 11 145 10 162 202 139 24 146 136 102 218 76 199 25 98 18 130 82 132 42 48 57]

2016/12/29 17:56:52 [I] [GoPacket.go:58] [0 0 0 1 10 7 87 104 115 95 49 49 48 18 9 230 136 145 229 190 136 229 184 133 26 6 49 50 51 52 53 54 32 2 40 1 50 15 229 184 133 229 136 176 230 178 161 230 156 139 229 143 139]

2016/12/29 17:56:52 [I] [GoCallBack.go:41] &{57 1 [10 7 87 104 115 95 49 49 48 18 9 230 136 145 229 190 136 229 184 133 26 6 49 50 51 52 53 54 32 2 40 1 50 15 229 184 133 229 136 176 230 178 161 230 156 139 229 143 139]}

2016/12/29 17:56:52 [I] [LoginLogicHandler.go:68] [10 7 87 104 115 95 49 49 48 18 9 230 136 145 229 190 136 229 184 133 26 6 49 50 51 52 53 54 32 2 40 1 50 15 229 184 133 229 136 176 230 178 161 230 156 139 229 143 139]

2016/12/29 17:56:52 [I] [LoginLogicHandler.go:75] account:"Whs_110" name:"\346\210\221\345\276\210\345\270\205" passwd:"123456" icon:2 sex:1 autograph:"\345\270\205\345\210\260\346\262\241\346\234\213\345\217\213" 

2016/12/29 17:56:52 [I] [GoPacket.go:46] [0 0 0 20 161 127 208 145 72 7 101 254 106 22 145 133 248 147 213 96]

2016/12/29 17:57:52 [E] [GoProtocol.go:25] io.ReadFull  read tcp 192.168.2.171:8000->192.168.2.132:1944: use of closed network connection

2016/12/29 17:57:52 [I] [GoCallBack.go:52] OnClose: &{0 192.168.2.132:1944 {{0 0} 0 0 0 0}}

2016/12/29 17:58:10 [I] [GoCallBack.go:34] OnConnect: 192.168.2.132:2358

2016/12/29 17:58:13 [I] [GoProtocol.go:28] headerData: [0 0 0 68]

2016/12/29 17:58:13 [I] [GoProtocol.go:34] Data: [0 0 0 68 220 54 54 246 215 85 185 130 194 99 215 186 130 205 153 6 135 27 72 2 248 18 29 54 226 111 172 114 38 46 231 229 165 129 124 151 133 241 169 171 118 177 11 145 10 162 202 139 24 146 136 102 218 76 199 25 98 18 130 82 132 42 48 57]

2016/12/29 17:58:13 [I] [GoPacket.go:58] [0 0 0 1 10 7 87 104 115 95 49 49 48 18 9 230 136 145 229 190 136 229 184 133 26 6 49 50 51 52 53 54 32 2 40 1 50 15 229 184 133 229 136 176 230 178 161 230 156 139 229 143 139]

2016/12/29 17:58:13 [I] [GoCallBack.go:41] &{57 1 [10 7 87 104 115 95 49 49 48 18 9 230 136 145 229 190 136 229 184 133 26 6 49 50 51 52 53 54 32 2 40 1 50 15 229 184 133 229 136 176 230 178 161 230 156 139 229 143 139]}

2016/12/29 17:58:13 [I] [LoginLogicHandler.go:68] [10 7 87 104 115 95 49 49 48 18 9 230 136 145 229 190 136 229 184 133 26 6 49 50 51 52 53 54 32 2 40 1 50 15 229 184 133 229 136 176 230 178 161 230 156 139 229 143 139]

2016/12/29 17:58:13 [I] [LoginLogicHandler.go:75] account:"Whs_110" name:"\346\210\221\345\276\210\345\270\205" passwd:"123456" icon:2 sex:1 autograph:"\345\270\205\345\210\260\346\262\241\346\234\213\345\217\213" 

2016/12/29 17:58:13 [I] [GoPacket.go:46] [0 0 0 20 161 127 208 145 72 7 101 254 106 22 145 133 248 147 213 96]

2016/12/29 17:59:13 [E] [GoProtocol.go:25] io.ReadFull  read tcp 192.168.2.171:8000->192.168.2.132:2358: use of closed network connection

2016/12/29 17:59:13 [I] [GoCallBack.go:52] OnClose: &{0 192.168.2.132:2358 {{0 0} 0 0 0 0}}

2016/12/29 18:01:04 [I] [GoCallBack.go:34] OnConnect: 192.168.2.132:3274

2016/12/29 18:01:06 [I] [GoProtocol.go:28] headerData: [0 0 0 68]

2016/12/29 18:01:06 [I] [GoProtocol.go:34] Data: [0 0 0 68 220 54 54 246 215 85 185 130 194 99 215 186 130 205 153 6 135 27 72 2 248 18 29 54 226 111 172 114 38 46 231 229 165 129 124 151 133 241 169 171 118 177 11 145 10 162 202 139 24 146 136 102 218 76 199 25 98 18 130 82 132 42 48 57]

2016/12/29 18:01:06 [I] [GoPacket.go:58] [0 0 0 1 10 7 87 104 115 95 49 49 48 18 9 230 136 145 229 190 136 229 184 133 26 6 49 50 51 52 53 54 32 2 40 1 50 15 229 184 133 229 136 176 230 178 161 230 156 139 229 143 139]

2016/12/29 18:01:06 [I] [GoCallBack.go:41] &{57 1 [10 7 87 104 115 95 49 49 48 18 9 230 136 145 229 190 136 229 184 133 26 6 49 50 51 52 53 54 32 2 40 1 50 15 229 184 133 229 136 176 230 178 161 230 156 139 229 143 139]}

2016/12/29 18:01:06 [I] [LoginLogicHandler.go:68] [10 7 87 104 115 95 49 49 48 18 9 230 136 145 229 190 136 229 184 133 26 6 49 50 51 52 53 54 32 2 40 1 50 15 229 184 133 229 136 176 230 178 161 230 156 139 229 143 139]

2016/12/29 18:01:06 [I] [LoginLogicHandler.go:75] account:"Whs_110" name:"\346\210\221\345\276\210\345\270\205" passwd:"123456" icon:2 sex:1 autograph:"\345\270\205\345\210\260\346\262\241\346\234\213\345\217\213" 

2016/12/29 18:01:06 [I] [GoPacket.go:46] [0 0 0 20 161 127 208 145 72 7 101 254 106 22 145 133 248 147 213 96]

2016/12/29 18:02:06 [E] [GoProtocol.go:25] io.ReadFull  read tcp 192.168.2.171:8000->192.168.2.132:3274: use of closed network connection

2016/12/29 18:02:06 [I] [GoCallBack.go:52] OnClose: &{0 192.168.2.132:3274 {{0 0} 0 0 0 0}}

2016/12/29 18:02:29 [I] [GoCallBack.go:34] OnConnect: 192.168.2.132:3711

2016/12/29 18:02:30 [I] [GoProtocol.go:28] headerData: [0 0 0 68]

2016/12/29 18:02:30 [I] [GoProtocol.go:34] Data: [0 0 0 68 220 54 54 246 215 85 185 130 194 99 215 186 130 205 153 6 135 27 72 2 248 18 29 54 226 111 172 114 38 46 231 229 165 129 124 151 133 241 169 171 118 177 11 145 10 162 202 139 24 146 136 102 218 76 199 25 98 18 130 82 132 42 48 57]

2016/12/29 18:02:30 [I] [GoPacket.go:58] [0 0 0 1 10 7 87 104 115 95 49 49 48 18 9 230 136 145 229 190 136 229 184 133 26 6 49 50 51 52 53 54 32 2 40 1 50 15 229 184 133 229 136 176 230 178 161 230 156 139 229 143 139]

2016/12/29 18:02:30 [I] [GoCallBack.go:41] &{57 1 [10 7 87 104 115 95 49 49 48 18 9 230 136 145 229 190 136 229 184 133 26 6 49 50 51 52 53 54 32 2 40 1 50 15 229 184 133 229 136 176 230 178 161 230 156 139 229 143 139]}

2016/12/29 18:02:30 [I] [LoginLogicHandler.go:68] [10 7 87 104 115 95 49 49 48 18 9 230 136 145 229 190 136 229 184 133 26 6 49 50 51 52 53 54 32 2 40 1 50 15 229 184 133 229 136 176 230 178 161 230 156 139 229 143 139]

2016/12/29 18:02:30 [I] [LoginLogicHandler.go:75] account:"Whs_110" name:"\346\210\221\345\276\210\345\270\205" passwd:"123456" icon:2 sex:1 autograph:"\345\270\205\345\210\260\346\262\241\346\234\213\345\217\213" 

2016/12/29 18:02:30 [I] [GoPacket.go:46] [0 0 0 20 161 127 208 145 72 7 101 254 106 22 145 133 248 147 213 96]

2016/12/29 18:03:30 [E] [GoProtocol.go:25] io.ReadFull  read tcp 192.168.2.171:8000->192.168.2.132:3711: use of closed network connection

2016/12/29 18:03:30 [I] [GoCallBack.go:52] OnClose: &{0 192.168.2.132:3711 {{0 0} 0 0 0 0}}

2016/12/29 18:04:03 [I] [GoCallBack.go:34] OnConnect: 192.168.2.132:4193

2016/12/29 18:04:04 [I] [GoProtocol.go:28] headerData: [0 0 0 68]

2016/12/29 18:04:04 [I] [GoProtocol.go:34] Data: [0 0 0 68 220 54 54 246 215 85 185 130 194 99 215 186 130 205 153 6 135 27 72 2 248 18 29 54 226 111 172 114 38 46 231 229 165 129 124 151 133 241 169 171 118 177 11 145 10 162 202 139 24 146 136 102 218 76 199 25 98 18 130 82 132 42 48 57]

2016/12/29 18:04:04 [I] [GoPacket.go:58] [0 0 0 1 10 7 87 104 115 95 49 49 48 18 9 230 136 145 229 190 136 229 184 133 26 6 49 50 51 52 53 54 32 2 40 1 50 15 229 184 133 229 136 176 230 178 161 230 156 139 229 143 139]

2016/12/29 18:04:04 [I] [GoCallBack.go:41] &{57 1 [10 7 87 104 115 95 49 49 48 18 9 230 136 145 229 190 136 229 184 133 26 6 49 50 51 52 53 54 32 2 40 1 50 15 229 184 133 229 136 176 230 178 161 230 156 139 229 143 139]}

2016/12/29 18:04:04 [I] [LoginLogicHandler.go:68] [10 7 87 104 115 95 49 49 48 18 9 230 136 145 229 190 136 229 184 133 26 6 49 50 51 52 53 54 32 2 40 1 50 15 229 184 133 229 136 176 230 178 161 230 156 139 229 143 139]

2016/12/29 18:04:04 [I] [LoginLogicHandler.go:75] account:"Whs_110" name:"\346\210\221\345\276\210\345\270\205" passwd:"123456" icon:2 sex:1 autograph:"\345\270\205\345\210\260\346\262\241\346\234\213\345\217\213" 

2016/12/29 18:04:04 [I] [GoPacket.go:46] [0 0 0 20 161 127 208 145 72 7 101 254 106 22 145 133 248 147 213 96]

2016/12/29 18:04:23 [E] [GoProtocol.go:25] io.ReadFull  EOF

2016/12/29 18:04:23 [I] [GoCallBack.go:52] OnClose: &{0 192.168.2.132:4193 {{0 0} 0 0 0 0}}

2016/12/29 18:05:04 [I] [GoCallBack.go:34] OnConnect: 192.168.2.132:4513

2016/12/29 18:05:06 [I] [GoProtocol.go:28] headerData: [0 0 0 68]

2016/12/29 18:05:06 [I] [GoProtocol.go:34] Data: [0 0 0 68 220 54 54 246 215 85 185 130 194 99 215 186 130 205 153 6 135 27 72 2 248 18 29 54 226 111 172 114 38 46 231 229 165 129 124 151 133 241 169 171 118 177 11 145 10 162 202 139 24 146 136 102 218 76 199 25 98 18 130 82 132 42 48 57]

2016/12/29 18:05:06 [I] [GoPacket.go:58] [0 0 0 1 10 7 87 104 115 95 49 49 48 18 9 230 136 145 229 190 136 229 184 133 26 6 49 50 51 52 53 54 32 2 40 1 50 15 229 184 133 229 136 176 230 178 161 230 156 139 229 143 139]

2016/12/29 18:05:06 [I] [GoCallBack.go:41] &{57 1 [10 7 87 104 115 95 49 49 48 18 9 230 136 145 229 190 136 229 184 133 26 6 49 50 51 52 53 54 32 2 40 1 50 15 229 184 133 229 136 176 230 178 161 230 156 139 229 143 139]}

2016/12/29 18:05:06 [I] [LoginLogicHandler.go:68] [10 7 87 104 115 95 49 49 48 18 9 230 136 145 229 190 136 229 184 133 26 6 49 50 51 52 53 54 32 2 40 1 50 15 229 184 133 229 136 176 230 178 161 230 156 139 229 143 139]

2016/12/29 18:05:06 [I] [LoginLogicHandler.go:75] account:"Whs_110" name:"\346\210\221\345\276\210\345\270\205" passwd:"123456" icon:2 sex:1 autograph:"\345\270\205\345\210\260\346\262\241\346\234\213\345\217\213" 

2016/12/29 18:05:06 [I] [GoPacket.go:46] [0 0 0 20 161 127 208 145 72 7 101 254 106 22 145 133 248 147 213 96]

2016/12/29 18:06:06 [E] [GoProtocol.go:25] io.ReadFull  EOF

2016/12/29 18:06:06 [I] [GoCallBack.go:52] OnClose: &{0 192.168.2.132:4513 {{0 0} 0 0 0 0}}

2016/12/29 18:06:10 [I] [GoCallBack.go:34] OnConnect: 192.168.2.132:4857

2016/12/29 18:06:12 [I] [GoProtocol.go:28] headerData: [0 0 0 68]

2016/12/29 18:06:12 [I] [GoProtocol.go:34] Data: [0 0 0 68 220 54 54 246 215 85 185 130 194 99 215 186 130 205 153 6 135 27 72 2 248 18 29 54 226 111 172 114 38 46 231 229 165 129 124 151 133 241 169 171 118 177 11 145 10 162 202 139 24 146 136 102 218 76 199 25 98 18 130 82 132 42 48 57]

2016/12/29 18:06:12 [I] [GoPacket.go:58] [0 0 0 1 10 7 87 104 115 95 49 49 48 18 9 230 136 145 229 190 136 229 184 133 26 6 49 50 51 52 53 54 32 2 40 1 50 15 229 184 133 229 136 176 230 178 161 230 156 139 229 143 139]

2016/12/29 18:06:12 [I] [GoCallBack.go:41] &{57 1 [10 7 87 104 115 95 49 49 48 18 9 230 136 145 229 190 136 229 184 133 26 6 49 50 51 52 53 54 32 2 40 1 50 15 229 184 133 229 136 176 230 178 161 230 156 139 229 143 139]}

2016/12/29 18:06:12 [I] [LoginLogicHandler.go:68] [10 7 87 104 115 95 49 49 48 18 9 230 136 145 229 190 136 229 184 133 26 6 49 50 51 52 53 54 32 2 40 1 50 15 229 184 133 229 136 176 230 178 161 230 156 139 229 143 139]

2016/12/29 18:06:12 [I] [LoginLogicHandler.go:75] account:"Whs_110" name:"\346\210\221\345\276\210\345\270\205" passwd:"123456" icon:2 sex:1 autograph:"\345\270\205\345\210\260\346\262\241\346\234\213\345\217\213" 

2016/12/29 18:06:12 [I] [GoPacket.go:46] [0 0 0 20 161 127 208 145 72 7 101 254 106 22 145 133 248 147 213 96]

2016/12/29 18:07:12 [E] [GoProtocol.go:25] io.ReadFull  read tcp 192.168.2.171:8000->192.168.2.132:4857: use of closed network connection

2016/12/29 18:07:12 [I] [GoCallBack.go:52] OnClose: &{0 192.168.2.132:4857 {{0 0} 0 0 0 0}}

2016/12/29 18:08:32 [I] [GoCallBack.go:34] OnConnect: 192.168.2.132:5584

2016/12/29 18:08:33 [I] [GoProtocol.go:28] headerData: [0 0 0 68]

2016/12/29 18:08:33 [I] [GoProtocol.go:34] Data: [0 0 0 68 220 54 54 246 215 85 185 130 194 99 215 186 130 205 153 6 135 27 72 2 248 18 29 54 226 111 172 114 38 46 231 229 165 129 124 151 133 241 169 171 118 177 11 145 10 162 202 139 24 146 136 102 218 76 199 25 98 18 130 82 132 42 48 57]

2016/12/29 18:08:33 [I] [GoPacket.go:58] [0 0 0 1 10 7 87 104 115 95 49 49 48 18 9 230 136 145 229 190 136 229 184 133 26 6 49 50 51 52 53 54 32 2 40 1 50 15 229 184 133 229 136 176 230 178 161 230 156 139 229 143 139]

2016/12/29 18:08:33 [I] [GoCallBack.go:41] &{57 1 [10 7 87 104 115 95 49 49 48 18 9 230 136 145 229 190 136 229 184 133 26 6 49 50 51 52 53 54 32 2 40 1 50 15 229 184 133 229 136 176 230 178 161 230 156 139 229 143 139]}

2016/12/29 18:08:33 [I] [LoginLogicHandler.go:68] [10 7 87 104 115 95 49 49 48 18 9 230 136 145 229 190 136 229 184 133 26 6 49 50 51 52 53 54 32 2 40 1 50 15 229 184 133 229 136 176 230 178 161 230 156 139 229 143 139]

2016/12/29 18:08:33 [I] [LoginLogicHandler.go:75] account:"Whs_110" name:"\346\210\221\345\276\210\345\270\205" passwd:"123456" icon:2 sex:1 autograph:"\345\270\205\345\210\260\346\262\241\346\234\213\345\217\213" 

2016/12/29 18:08:33 [I] [GoPacket.go:46] [0 0 0 20 161 127 208 145 72 7 101 254 106 22 145 133 248 147 213 96]

2016/12/29 18:09:33 [E] [GoProtocol.go:25] io.ReadFull  read tcp 192.168.2.171:8000->192.168.2.132:5584: use of closed network connection

2016/12/29 18:09:33 [I] [GoCallBack.go:52] OnClose: &{0 192.168.2.132:5584 {{0 0} 0 0 0 0}}

2016/12/29 18:12:19 [I] [GoCallBack.go:34] OnConnect: 192.168.2.132:6880

2016/12/29 18:12:22 [I] [GoProtocol.go:28] headerData: [0 0 0 84]

2016/12/29 18:12:22 [I] [GoProtocol.go:34] Data: [0 0 0 84 14 182 207 72 218 85 141 64 191 45 179 215 57 161 52 232 4 171 201 163 145 251 218 74 200 239 107 107 94 231 55 56 217 113 24 229 212 191 11 153 115 65 119 209 135 254 17 93 43 134 14 60 126 161 244 132 238 117 121 117 74 119 80 29 255 42 191 122 147 147 212 236 192 115 106 30 69 29 126 147]

2016/12/29 18:12:22 [I] [GoPacket.go:58] [0 0 0 1 10 12 87 104 115 95 49 49 49 49 49 49 49 48 18 9 230 136 145 229 190 136 229 184 133 26 6 49 50 51 52 53 54 32 2 40 1 50 23 229 184 133 229 136 176 230 178 161 230 156 139 229 143 139 100 115 102 115 102 100 115 102]

2016/12/29 18:12:22 [I] [GoCallBack.go:41] &{70 1 [10 12 87 104 115 95 49 49 49 49 49 49 49 48 18 9 230 136 145 229 190 136 229 184 133 26 6 49 50 51 52 53 54 32 2 40 1 50 23 229 184 133 229 136 176 230 178 161 230 156 139 229 143 139 100 115 102 115 102 100 115 102]}

2016/12/29 18:12:22 [I] [LoginLogicHandler.go:68] [10 12 87 104 115 95 49 49 49 49 49 49 49 48 18 9 230 136 145 229 190 136 229 184 133 26 6 49 50 51 52 53 54 32 2 40 1 50 23 229 184 133 229 136 176 230 178 161 230 156 139 229 143 139 100 115 102 115 102 100 115 102]

2016/12/29 18:12:22 [I] [LoginLogicHandler.go:75] account:"Whs_11111110" name:"\346\210\221\345\276\210\345\270\205" passwd:"123456" icon:2 sex:1 autograph:"\345\270\205\345\210\260\346\262\241\346\234\213\345\217\213dsfsfdsf" 

2016/12/29 18:12:22 [I] [GoPacket.go:46] [0 0 0 20 161 127 208 145 72 7 101 254 106 22 145 133 248 147 213 96]

2016/12/29 18:13:22 [E] [GoProtocol.go:25] io.ReadFull  read tcp 192.168.2.171:8000->192.168.2.132:6880: use of closed network connection

2016/12/29 18:13:22 [I] [GoCallBack.go:52] OnClose: &{0 192.168.2.132:6880 {{0 0} 0 0 0 0}}

