2016/12/29 17:16:46 [I] [main.go:23] server start

2016/12/29 17:16:56 [I] [GoCallBack.go:34] OnConnect: 192.168.2.132:53901

2016/12/29 17:16:58 [I] [GoProtocol.go:28] headerData: [0 0 0 68]

2016/12/29 17:16:58 [I] [GoProtocol.go:34] Data: [0 0 0 68 220 54 54 246 215 85 185 130 194 99 215 186 130 205 153 6 135 27 72 2 248 18 29 54 226 111 172 114 38 46 231 229 165 129 124 151 133 241 169 171 118 177 11 145 10 162 202 139 24 146 136 102 218 76 199 25 98 18 130 82 132 42 48 57]

2016/12/29 17:16:58 [I] [GoPacket.go:57] [0 0 0 1 10 7 87 104 115 95 49 49 48 18 9 230 136 145 229 190 136 229 184 133 26 6 49 50 51 52 53 54 32 2 40 1 50 15 229 184 133 229 136 176 230 178 161 230 156 139 229 143 139]

2016/12/29 17:16:58 [I] [GoCallBack.go:41] &{57 1 [10 7 87 104 115 95 49 49 48 18 9 230 136 145 229 190 136 229 184 133 26 6 49 50 51 52 53 54 32 2 40 1 50 15 229 184 133 229 136 176 230 178 161 230 156 139 229 143 139]}

2016/12/29 17:16:58 [I] [LoginLogicHandler.go:68] [10 7 87 104 115 95 49 49 48 18 9 230 136 145 229 190 136 229 184 133 26 6 49 50 51 52 53 54 32 2 40 1 50 15 229 184 133 229 136 176 230 178 161 230 156 139 229 143 139]

2016/12/29 17:16:58 [I] [LoginLogicHandler.go:75] account:"Whs_110" name:"\346\210\221\345\276\210\345\270\205" passwd:"123456" icon:2 sex:1 autograph:"\345\270\205\345\210\260\346\262\241\346\234\213\345\217\213" 

2016/12/29 17:16:58 [E] [MysqlFunc.go:72] mysql scan error: Error 1064: You have an error in your SQL syntax; check the manual that corresponds to your MySQL server version for the right syntax to use near 'p (p.account,p.passwd,p.name,p.autograph,p.icon,p.sex,p.update_time) VALUES (?,?' at line 1

2016/12/29 17:17:58 [E] [GoProtocol.go:25] io.ReadFull  read tcp 192.168.2.171:8000->192.168.2.132:53901: use of closed network connection

2016/12/29 17:17:58 [I] [GoCallBack.go:52] OnClose: &{0 192.168.2.132:53901 {{0 0} 0 0 0 0}}

2016/12/29 17:19:17 [I] [GoCallBack.go:34] OnConnect: 192.168.2.132:54661

2016/12/29 17:19:19 [I] [GoProtocol.go:28] headerData: [0 0 0 68]

2016/12/29 17:19:19 [I] [GoProtocol.go:34] Data: [0 0 0 68 220 54 54 246 215 85 185 130 194 99 215 186 130 205 153 6 135 27 72 2 248 18 29 54 226 111 172 114 38 46 231 229 165 129 124 151 133 241 169 171 118 177 11 145 10 162 202 139 24 146 136 102 218 76 199 25 98 18 130 82 132 42 48 57]

2016/12/29 17:19:19 [I] [GoPacket.go:57] [0 0 0 1 10 7 87 104 115 95 49 49 48 18 9 230 136 145 229 190 136 229 184 133 26 6 49 50 51 52 53 54 32 2 40 1 50 15 229 184 133 229 136 176 230 178 161 230 156 139 229 143 139]

2016/12/29 17:19:19 [I] [GoCallBack.go:41] &{57 1 [10 7 87 104 115 95 49 49 48 18 9 230 136 145 229 190 136 229 184 133 26 6 49 50 51 52 53 54 32 2 40 1 50 15 229 184 133 229 136 176 230 178 161 230 156 139 229 143 139]}

2016/12/29 17:19:19 [I] [LoginLogicHandler.go:68] [10 7 87 104 115 95 49 49 48 18 9 230 136 145 229 190 136 229 184 133 26 6 49 50 51 52 53 54 32 2 40 1 50 15 229 184 133 229 136 176 230 178 161 230 156 139 229 143 139]

2016/12/29 17:19:19 [I] [LoginLogicHandler.go:75] account:"Whs_110" name:"\346\210\221\345\276\210\345\270\205" passwd:"123456" icon:2 sex:1 autograph:"\345\270\205\345\210\260\346\262\241\346\234\213\345\217\213" 

2016/12/29 17:19:19 [E] [MysqlFunc.go:72] mysql scan error: Error 1064: You have an error in your SQL syntax; check the manual that corresponds to your MySQL server version for the right syntax to use near 'p (p.account,p.passwd,p.name,p.autograph,p.icon,p.sex,p.update_time) VALUES (?,?' at line 1

2016/12/29 17:19:59 [E] [GoProtocol.go:25] io.ReadFull  EOF

2016/12/29 17:19:59 [I] [GoCallBack.go:52] OnClose: &{0 192.168.2.132:54661 {{0 0} 0 0 0 0}}

2016/12/29 17:20:01 [I] [GoCallBack.go:34] OnConnect: 192.168.2.132:54869

2016/12/29 17:20:02 [I] [GoProtocol.go:28] headerData: [0 0 0 68]

2016/12/29 17:20:02 [I] [GoProtocol.go:34] Data: [0 0 0 68 220 54 54 246 215 85 185 130 194 99 215 186 130 205 153 6 135 27 72 2 248 18 29 54 226 111 172 114 38 46 231 229 165 129 124 151 133 241 169 171 118 177 11 145 10 162 202 139 24 146 136 102 218 76 199 25 98 18 130 82 132 42 48 57]

2016/12/29 17:20:02 [I] [GoPacket.go:57] [0 0 0 1 10 7 87 104 115 95 49 49 48 18 9 230 136 145 229 190 136 229 184 133 26 6 49 50 51 52 53 54 32 2 40 1 50 15 229 184 133 229 136 176 230 178 161 230 156 139 229 143 139]

2016/12/29 17:20:02 [I] [GoCallBack.go:41] &{57 1 [10 7 87 104 115 95 49 49 48 18 9 230 136 145 229 190 136 229 184 133 26 6 49 50 51 52 53 54 32 2 40 1 50 15 229 184 133 229 136 176 230 178 161 230 156 139 229 143 139]}

2016/12/29 17:20:02 [I] [LoginLogicHandler.go:68] [10 7 87 104 115 95 49 49 48 18 9 230 136 145 229 190 136 229 184 133 26 6 49 50 51 52 53 54 32 2 40 1 50 15 229 184 133 229 136 176 230 178 161 230 156 139 229 143 139]

2016/12/29 17:20:02 [I] [LoginLogicHandler.go:75] account:"Whs_110" name:"\346\210\221\345\276\210\345\270\205" passwd:"123456" icon:2 sex:1 autograph:"\345\270\205\345\210\260\346\262\241\346\234\213\345\217\213" 

2016/12/29 17:20:02 [E] [MysqlFunc.go:72] mysql scan error: Error 1064: You have an error in your SQL syntax; check the manual that corresponds to your MySQL server version for the right syntax to use near 'p (p.account,p.passwd,p.name,p.autograph,p.icon,p.sex,p.update_time) VALUES (?,?' at line 1

2016/12/29 17:21:02 [E] [GoProtocol.go:25] io.ReadFull  read tcp 192.168.2.171:8000->192.168.2.132:54869: use of closed network connection

2016/12/29 17:21:02 [I] [GoCallBack.go:52] OnClose: &{0 192.168.2.132:54869 {{0 0} 0 0 0 0}}

2016/12/29 17:21:33 [I] [GoCallBack.go:34] OnConnect: 192.168.2.132:55340

2016/12/29 17:21:35 [I] [GoProtocol.go:28] headerData: [0 0 0 68]

2016/12/29 17:21:35 [I] [GoProtocol.go:34] Data: [0 0 0 68 220 54 54 246 215 85 185 130 194 99 215 186 130 205 153 6 135 27 72 2 248 18 29 54 226 111 172 114 38 46 231 229 165 129 124 151 133 241 169 171 118 177 11 145 10 162 202 139 24 146 136 102 218 76 199 25 98 18 130 82 132 42 48 57]

2016/12/29 17:21:35 [I] [GoPacket.go:57] [0 0 0 1 10 7 87 104 115 95 49 49 48 18 9 230 136 145 229 190 136 229 184 133 26 6 49 50 51 52 53 54 32 2 40 1 50 15 229 184 133 229 136 176 230 178 161 230 156 139 229 143 139]

2016/12/29 17:21:35 [I] [GoCallBack.go:41] &{57 1 [10 7 87 104 115 95 49 49 48 18 9 230 136 145 229 190 136 229 184 133 26 6 49 50 51 52 53 54 32 2 40 1 50 15 229 184 133 229 136 176 230 178 161 230 156 139 229 143 139]}

2016/12/29 17:21:35 [I] [LoginLogicHandler.go:68] [10 7 87 104 115 95 49 49 48 18 9 230 136 145 229 190 136 229 184 133 26 6 49 50 51 52 53 54 32 2 40 1 50 15 229 184 133 229 136 176 230 178 161 230 156 139 229 143 139]

2016/12/29 17:21:35 [I] [LoginLogicHandler.go:75] account:"Whs_110" name:"\346\210\221\345\276\210\345\270\205" passwd:"123456" icon:2 sex:1 autograph:"\345\270\205\345\210\260\346\262\241\346\234\213\345\217\213" 

2016/12/29 17:21:35 [E] [MysqlFunc.go:72] mysql scan error: Error 1064: You have an error in your SQL syntax; check the manual that corresponds to your MySQL server version for the right syntax to use near 'p (p.account,p.passwd,p.name,p.autograph,p.icon,p.sex,p.update_time) VALUES (?,?' at line 1

2016/12/29 17:22:00 [E] [GoProtocol.go:25] io.ReadFull  EOF

2016/12/29 17:22:00 [I] [GoCallBack.go:52] OnClose: &{0 192.168.2.132:55340 {{0 0} 0 0 0 0}}

2016/12/29 17:24:13 [I] [GoCallBack.go:34] OnConnect: 192.168.2.132:56163

2016/12/29 17:24:15 [I] [GoProtocol.go:28] headerData: [0 0 0 68]

2016/12/29 17:24:15 [I] [GoProtocol.go:34] Data: [0 0 0 68 220 54 54 246 215 85 185 130 194 99 215 186 130 205 153 6 135 27 72 2 248 18 29 54 226 111 172 114 38 46 231 229 165 129 124 151 133 241 169 171 118 177 11 145 10 162 202 139 24 146 136 102 218 76 199 25 98 18 130 82 132 42 48 57]

2016/12/29 17:24:15 [I] [GoPacket.go:57] [0 0 0 1 10 7 87 104 115 95 49 49 48 18 9 230 136 145 229 190 136 229 184 133 26 6 49 50 51 52 53 54 32 2 40 1 50 15 229 184 133 229 136 176 230 178 161 230 156 139 229 143 139]

2016/12/29 17:24:15 [I] [GoCallBack.go:41] &{57 1 [10 7 87 104 115 95 49 49 48 18 9 230 136 145 229 190 136 229 184 133 26 6 49 50 51 52 53 54 32 2 40 1 50 15 229 184 133 229 136 176 230 178 161 230 156 139 229 143 139]}

2016/12/29 17:24:15 [I] [LoginLogicHandler.go:68] [10 7 87 104 115 95 49 49 48 18 9 230 136 145 229 190 136 229 184 133 26 6 49 50 51 52 53 54 32 2 40 1 50 15 229 184 133 229 136 176 230 178 161 230 156 139 229 143 139]

2016/12/29 17:24:15 [I] [LoginLogicHandler.go:75] account:"Whs_110" name:"\346\210\221\345\276\210\345\270\205" passwd:"123456" icon:2 sex:1 autograph:"\345\270\205\345\210\260\346\262\241\346\234\213\345\217\213" 

2016/12/29 17:24:15 [E] [MysqlFunc.go:72] mysql scan error: Error 1064: You have an error in your SQL syntax; check the manual that corresponds to your MySQL server version for the right syntax to use near 'p (p.account,p.passwd,p.name,p.autograph,p.icon,p.sex,p.update_time) VALUES (?,?' at line 1

2016/12/29 17:24:28 [E] [GoProtocol.go:25] io.ReadFull  EOF

2016/12/29 17:24:28 [I] [GoCallBack.go:52] OnClose: &{0 192.168.2.132:56163 {{0 0} 0 0 0 0}}

2016/12/29 17:24:53 [I] [GoCallBack.go:34] OnConnect: 192.168.2.132:56367

2016/12/29 17:24:54 [I] [GoProtocol.go:28] headerData: [0 0 0 68]

2016/12/29 17:24:54 [I] [GoProtocol.go:34] Data: [0 0 0 68 220 54 54 246 215 85 185 130 194 99 215 186 130 205 153 6 135 27 72 2 248 18 29 54 226 111 172 114 38 46 231 229 165 129 124 151 133 241 169 171 118 177 11 145 10 162 202 139 24 146 136 102 218 76 199 25 98 18 130 82 132 42 48 57]

2016/12/29 17:24:54 [I] [GoPacket.go:57] [0 0 0 1 10 7 87 104 115 95 49 49 48 18 9 230 136 145 229 190 136 229 184 133 26 6 49 50 51 52 53 54 32 2 40 1 50 15 229 184 133 229 136 176 230 178 161 230 156 139 229 143 139]

2016/12/29 17:24:54 [I] [GoCallBack.go:41] &{57 1 [10 7 87 104 115 95 49 49 48 18 9 230 136 145 229 190 136 229 184 133 26 6 49 50 51 52 53 54 32 2 40 1 50 15 229 184 133 229 136 176 230 178 161 230 156 139 229 143 139]}

2016/12/29 17:24:54 [I] [LoginLogicHandler.go:68] [10 7 87 104 115 95 49 49 48 18 9 230 136 145 229 190 136 229 184 133 26 6 49 50 51 52 53 54 32 2 40 1 50 15 229 184 133 229 136 176 230 178 161 230 156 139 229 143 139]

2016/12/29 17:24:54 [I] [LoginLogicHandler.go:75] account:"Whs_110" name:"\346\210\221\345\276\210\345\270\205" passwd:"123456" icon:2 sex:1 autograph:"\345\270\205\345\210\260\346\262\241\346\234\213\345\217\213" 

2016/12/29 17:24:54 [E] [MysqlFunc.go:72] mysql scan error: Error 1064: You have an error in your SQL syntax; check the manual that corresponds to your MySQL server version for the right syntax to use near 'p (p.account,p.passwd,p.name,p.autograph,p.icon,p.sex,p.update_time) VALUES (?,?' at line 1

2016/12/29 17:25:32 [E] [GoProtocol.go:25] io.ReadFull  EOF

2016/12/29 17:25:32 [I] [GoCallBack.go:52] OnClose: &{0 192.168.2.132:56367 {{0 0} 0 0 0 0}}

2016/12/29 17:27:17 [I] [GoCallBack.go:34] OnConnect: 192.168.2.132:57122

2016/12/29 17:27:18 [I] [GoProtocol.go:28] headerData: [0 0 0 68]

2016/12/29 17:27:18 [I] [GoProtocol.go:34] Data: [0 0 0 68 220 54 54 246 215 85 185 130 194 99 215 186 130 205 153 6 135 27 72 2 248 18 29 54 226 111 172 114 38 46 231 229 165 129 124 151 133 241 169 171 118 177 11 145 10 162 202 139 24 146 136 102 218 76 199 25 98 18 130 82 132 42 48 57]

2016/12/29 17:27:18 [I] [GoPacket.go:57] [0 0 0 1 10 7 87 104 115 95 49 49 48 18 9 230 136 145 229 190 136 229 184 133 26 6 49 50 51 52 53 54 32 2 40 1 50 15 229 184 133 229 136 176 230 178 161 230 156 139 229 143 139]

2016/12/29 17:27:18 [I] [GoCallBack.go:41] &{57 1 [10 7 87 104 115 95 49 49 48 18 9 230 136 145 229 190 136 229 184 133 26 6 49 50 51 52 53 54 32 2 40 1 50 15 229 184 133 229 136 176 230 178 161 230 156 139 229 143 139]}

2016/12/29 17:27:18 [I] [LoginLogicHandler.go:68] [10 7 87 104 115 95 49 49 48 18 9 230 136 145 229 190 136 229 184 133 26 6 49 50 51 52 53 54 32 2 40 1 50 15 229 184 133 229 136 176 230 178 161 230 156 139 229 143 139]

2016/12/29 17:27:18 [I] [LoginLogicHandler.go:75] account:"Whs_110" name:"\346\210\221\345\276\210\345\270\205" passwd:"123456" icon:2 sex:1 autograph:"\345\270\205\345\210\260\346\262\241\346\234\213\345\217\213" 

2016/12/29 17:27:18 [E] [MysqlFunc.go:72] mysql scan error: Error 1064: You have an error in your SQL syntax; check the manual that corresponds to your MySQL server version for the right syntax to use near 'p (p.account,p.passwd,p.name,p.autograph,p.icon,p.sex,p.update_time) VALUES (?,?' at line 1

2016/12/29 17:27:26 [E] [GoProtocol.go:25] io.ReadFull  EOF

2016/12/29 17:27:26 [I] [GoCallBack.go:52] OnClose: &{0 192.168.2.132:57122 {{0 0} 0 0 0 0}}

2016/12/29 17:27:55 [I] [GoCallBack.go:34] OnConnect: 192.168.2.132:57321

2016/12/29 17:27:56 [I] [GoProtocol.go:28] headerData: [0 0 0 68]

2016/12/29 17:27:56 [I] [GoProtocol.go:34] Data: [0 0 0 68 220 54 54 246 215 85 185 130 194 99 215 186 130 205 153 6 135 27 72 2 248 18 29 54 226 111 172 114 38 46 231 229 165 129 124 151 133 241 169 171 118 177 11 145 10 162 202 139 24 146 136 102 218 76 199 25 98 18 130 82 132 42 48 57]

2016/12/29 17:27:56 [I] [GoPacket.go:57] [0 0 0 1 10 7 87 104 115 95 49 49 48 18 9 230 136 145 229 190 136 229 184 133 26 6 49 50 51 52 53 54 32 2 40 1 50 15 229 184 133 229 136 176 230 178 161 230 156 139 229 143 139]

2016/12/29 17:27:56 [I] [GoCallBack.go:41] &{57 1 [10 7 87 104 115 95 49 49 48 18 9 230 136 145 229 190 136 229 184 133 26 6 49 50 51 52 53 54 32 2 40 1 50 15 229 184 133 229 136 176 230 178 161 230 156 139 229 143 139]}

2016/12/29 17:27:56 [I] [LoginLogicHandler.go:68] [10 7 87 104 115 95 49 49 48 18 9 230 136 145 229 190 136 229 184 133 26 6 49 50 51 52 53 54 32 2 40 1 50 15 229 184 133 229 136 176 230 178 161 230 156 139 229 143 139]

2016/12/29 17:27:56 [I] [LoginLogicHandler.go:75] account:"Whs_110" name:"\346\210\221\345\276\210\345\270\205" passwd:"123456" icon:2 sex:1 autograph:"\345\270\205\345\210\260\346\262\241\346\234\213\345\217\213" 

2016/12/29 17:27:56 [E] [MysqlFunc.go:72] mysql scan error: Error 1064: You have an error in your SQL syntax; check the manual that corresponds to your MySQL server version for the right syntax to use near 'p (p.account,p.passwd,p.name,p.autograph,p.icon,p.sex,p.update_time) VALUES (?,?' at line 1

2016/12/29 17:28:21 [E] [GoProtocol.go:25] io.ReadFull  EOF

2016/12/29 17:28:21 [I] [GoCallBack.go:52] OnClose: &{0 192.168.2.132:57321 {{0 0} 0 0 0 0}}

