2016/12/29 18:27:05 [I] [main.go:23] server start

2016/12/29 18:27:23 [I] [GoCallBack.go:34] OnConnect: 192.168.2.132:25738

2016/12/29 18:27:25 [I] [GoProtocol.go:28] headerData: [0 0 0 84]

2016/12/29 18:27:25 [I] [GoProtocol.go:34] Data: [0 0 0 84 14 182 207 72 218 85 141 64 191 45 179 215 57 161 52 232 4 171 201 163 145 251 218 74 200 239 107 107 94 231 55 56 217 113 24 229 212 191 11 153 115 65 119 209 135 254 17 93 43 134 14 60 126 161 244 132 238 117 121 117 74 119 80 29 255 42 191 122 147 147 212 236 192 115 106 30 69 29 126 147]

2016/12/29 18:27:25 [I] [GoPacket.go:69] [0 0 0 1 10 12 87 104 115 95 49 49 49 49 49 49 49 48 18 9 230 136 145 229 190 136 229 184 133 26 6 49 50 51 52 53 54 32 2 40 1 50 23 229 184 133 229 136 176 230 178 161 230 156 139 229 143 139 100 115 102 115 102 100 115 102]

2016/12/29 18:27:25 [I] [GoCallBack.go:41] &{70 1 [10 12 87 104 115 95 49 49 49 49 49 49 49 48 18 9 230 136 145 229 190 136 229 184 133 26 6 49 50 51 52 53 54 32 2 40 1 50 23 229 184 133 229 136 176 230 178 161 230 156 139 229 143 139 100 115 102 115 102 100 115 102]}

2016/12/29 18:27:25 [I] [LoginLogicHandler.go:68] [10 12 87 104 115 95 49 49 49 49 49 49 49 48 18 9 230 136 145 229 190 136 229 184 133 26 6 49 50 51 52 53 54 32 2 40 1 50 23 229 184 133 229 136 176 230 178 161 230 156 139 229 143 139 100 115 102 115 102 100 115 102]

2016/12/29 18:27:25 [I] [LoginLogicHandler.go:75] account:"Whs_11111110" name:"\346\210\221\345\276\210\345\270\205" passwd:"123456" icon:2 sex:1 autograph:"\345\270\205\345\210\260\346\262\241\346\234\213\345\217\213dsfsfdsf" 

2016/12/29 18:27:25 [I] [GoCallBack.go:63] [8 2 16 0]

2016/12/29 18:27:25 [I] [GoPacket.go:48] [0 0 0 20 4 181 112 138 22 214 90 170 80 217 0 179 224 246 222 59]

2016/12/29 18:28:25 [E] [GoProtocol.go:25] io.ReadFull  read tcp 192.168.2.171:8000->192.168.2.132:25738: use of closed network connection

2016/12/29 18:28:25 [I] [GoCallBack.go:52] OnClose: &{0 192.168.2.132:25738 {{0 0} 0 0 0 0}}

2016/12/29 18:28:29 [I] [GoCallBack.go:34] OnConnect: 192.168.2.132:26083

2016/12/29 18:28:32 [I] [GoProtocol.go:28] headerData: [0 0 0 84]

2016/12/29 18:28:32 [I] [GoProtocol.go:34] Data: [0 0 0 84 14 182 207 72 218 85 141 64 191 45 179 215 57 161 52 232 4 171 201 163 145 251 218 74 200 239 107 107 94 231 55 56 217 113 24 229 212 191 11 153 115 65 119 209 135 254 17 93 43 134 14 60 126 161 244 132 238 117 121 117 74 119 80 29 255 42 191 122 147 147 212 236 192 115 106 30 69 29 126 147]

2016/12/29 18:28:32 [I] [GoPacket.go:69] [0 0 0 1 10 12 87 104 115 95 49 49 49 49 49 49 49 48 18 9 230 136 145 229 190 136 229 184 133 26 6 49 50 51 52 53 54 32 2 40 1 50 23 229 184 133 229 136 176 230 178 161 230 156 139 229 143 139 100 115 102 115 102 100 115 102]

2016/12/29 18:28:32 [I] [GoCallBack.go:41] &{70 1 [10 12 87 104 115 95 49 49 49 49 49 49 49 48 18 9 230 136 145 229 190 136 229 184 133 26 6 49 50 51 52 53 54 32 2 40 1 50 23 229 184 133 229 136 176 230 178 161 230 156 139 229 143 139 100 115 102 115 102 100 115 102]}

2016/12/29 18:28:32 [I] [LoginLogicHandler.go:68] [10 12 87 104 115 95 49 49 49 49 49 49 49 48 18 9 230 136 145 229 190 136 229 184 133 26 6 49 50 51 52 53 54 32 2 40 1 50 23 229 184 133 229 136 176 230 178 161 230 156 139 229 143 139 100 115 102 115 102 100 115 102]

2016/12/29 18:28:32 [I] [LoginLogicHandler.go:75] account:"Whs_11111110" name:"\346\210\221\345\276\210\345\270\205" passwd:"123456" icon:2 sex:1 autograph:"\345\270\205\345\210\260\346\262\241\346\234\213\345\217\213dsfsfdsf" 

2016/12/29 18:28:32 [I] [GoCallBack.go:63] [8 2 16 0]

2016/12/29 18:28:32 [I] [GoPacket.go:48] [0 0 0 20 4 181 112 138 22 214 90 170 80 217 0 179 224 246 222 59]

2016/12/29 18:29:32 [E] [GoProtocol.go:25] io.ReadFull  read tcp 192.168.2.171:8000->192.168.2.132:26083: use of closed network connection

2016/12/29 18:29:32 [I] [GoCallBack.go:52] OnClose: &{0 192.168.2.132:26083 {{0 0} 0 0 0 0}}

2016/12/29 18:34:32 [I] [GoCallBack.go:34] OnConnect: 192.168.2.132:36056

2016/12/29 18:34:33 [I] [GoProtocol.go:28] headerData: [0 0 0 84]

2016/12/29 18:34:33 [I] [GoProtocol.go:34] Data: [0 0 0 84 14 182 207 72 218 85 141 64 191 45 179 215 57 161 52 232 4 171 201 163 145 251 218 74 200 239 107 107 94 231 55 56 217 113 24 229 212 191 11 153 115 65 119 209 135 254 17 93 43 134 14 60 126 161 244 132 238 117 121 117 74 119 80 29 255 42 191 122 147 147 212 236 192 115 106 30 69 29 126 147]

2016/12/29 18:34:33 [I] [GoPacket.go:69] [0 0 0 1 10 12 87 104 115 95 49 49 49 49 49 49 49 48 18 9 230 136 145 229 190 136 229 184 133 26 6 49 50 51 52 53 54 32 2 40 1 50 23 229 184 133 229 136 176 230 178 161 230 156 139 229 143 139 100 115 102 115 102 100 115 102]

2016/12/29 18:34:33 [I] [GoCallBack.go:41] &{70 1 [10 12 87 104 115 95 49 49 49 49 49 49 49 48 18 9 230 136 145 229 190 136 229 184 133 26 6 49 50 51 52 53 54 32 2 40 1 50 23 229 184 133 229 136 176 230 178 161 230 156 139 229 143 139 100 115 102 115 102 100 115 102]}

2016/12/29 18:34:33 [I] [LoginLogicHandler.go:68] [10 12 87 104 115 95 49 49 49 49 49 49 49 48 18 9 230 136 145 229 190 136 229 184 133 26 6 49 50 51 52 53 54 32 2 40 1 50 23 229 184 133 229 136 176 230 178 161 230 156 139 229 143 139 100 115 102 115 102 100 115 102]

2016/12/29 18:34:33 [I] [LoginLogicHandler.go:75] account:"Whs_11111110" name:"\346\210\221\345\276\210\345\270\205" passwd:"123456" icon:2 sex:1 autograph:"\345\270\205\345\210\260\346\262\241\346\234\213\345\217\213dsfsfdsf" 

2016/12/29 18:34:33 [I] [GoCallBack.go:63] [8 2 16 0]

2016/12/29 18:34:33 [I] [GoPacket.go:48] [0 0 0 20 4 181 112 138 22 214 90 170 80 217 0 179 224 246 222 59]

2016/12/29 18:35:33 [E] [GoProtocol.go:25] io.ReadFull  read tcp 192.168.2.171:8000->192.168.2.132:36056: use of closed network connection

2016/12/29 18:35:33 [I] [GoCallBack.go:52] OnClose: &{0 192.168.2.132:36056 {{0 0} 0 0 0 0}}

2016/12/29 18:36:41 [I] [GoCallBack.go:34] OnConnect: 192.168.2.132:36732

2016/12/29 18:36:42 [I] [GoProtocol.go:28] headerData: [0 0 0 84]

2016/12/29 18:36:42 [I] [GoProtocol.go:34] Data: [0 0 0 84 14 182 207 72 218 85 141 64 191 45 179 215 57 161 52 232 4 171 201 163 145 251 218 74 200 239 107 107 94 231 55 56 217 113 24 229 212 191 11 153 115 65 119 209 135 254 17 93 43 134 14 60 126 161 244 132 238 117 121 117 74 119 80 29 255 42 191 122 147 147 212 236 192 115 106 30 69 29 126 147]

2016/12/29 18:36:42 [I] [GoPacket.go:69] [0 0 0 1 10 12 87 104 115 95 49 49 49 49 49 49 49 48 18 9 230 136 145 229 190 136 229 184 133 26 6 49 50 51 52 53 54 32 2 40 1 50 23 229 184 133 229 136 176 230 178 161 230 156 139 229 143 139 100 115 102 115 102 100 115 102]

2016/12/29 18:36:42 [I] [GoCallBack.go:41] &{70 1 [10 12 87 104 115 95 49 49 49 49 49 49 49 48 18 9 230 136 145 229 190 136 229 184 133 26 6 49 50 51 52 53 54 32 2 40 1 50 23 229 184 133 229 136 176 230 178 161 230 156 139 229 143 139 100 115 102 115 102 100 115 102]}

2016/12/29 18:36:42 [I] [LoginLogicHandler.go:68] [10 12 87 104 115 95 49 49 49 49 49 49 49 48 18 9 230 136 145 229 190 136 229 184 133 26 6 49 50 51 52 53 54 32 2 40 1 50 23 229 184 133 229 136 176 230 178 161 230 156 139 229 143 139 100 115 102 115 102 100 115 102]

2016/12/29 18:36:42 [I] [LoginLogicHandler.go:75] account:"Whs_11111110" name:"\346\210\221\345\276\210\345\270\205" passwd:"123456" icon:2 sex:1 autograph:"\345\270\205\345\210\260\346\262\241\346\234\213\345\217\213dsfsfdsf" 

2016/12/29 18:36:42 [I] [GoCallBack.go:63] [8 2 16 0]

2016/12/29 18:36:42 [I] [GoPacket.go:48] [0 0 0 20 4 181 112 138 22 214 90 170 80 217 0 179 224 246 222 59]

2016/12/29 18:37:42 [E] [GoProtocol.go:25] io.ReadFull  read tcp 192.168.2.171:8000->192.168.2.132:36732: use of closed network connection

2016/12/29 18:37:42 [I] [GoCallBack.go:52] OnClose: &{0 192.168.2.132:36732 {{0 0} 0 0 0 0}}

2016/12/29 18:39:47 [I] [GoCallBack.go:34] OnConnect: 192.168.2.132:37725

2016/12/29 18:39:48 [I] [GoProtocol.go:28] headerData: [0 0 0 84]

2016/12/29 18:39:48 [I] [GoProtocol.go:34] Data: [0 0 0 84 14 182 207 72 218 85 141 64 191 45 179 215 57 161 52 232 4 171 201 163 145 251 218 74 200 239 107 107 94 231 55 56 217 113 24 229 212 191 11 153 115 65 119 209 135 254 17 93 43 134 14 60 126 161 244 132 238 117 121 117 74 119 80 29 255 42 191 122 147 147 212 236 192 115 106 30 69 29 126 147]

2016/12/29 18:39:48 [I] [GoPacket.go:69] [0 0 0 1 10 12 87 104 115 95 49 49 49 49 49 49 49 48 18 9 230 136 145 229 190 136 229 184 133 26 6 49 50 51 52 53 54 32 2 40 1 50 23 229 184 133 229 136 176 230 178 161 230 156 139 229 143 139 100 115 102 115 102 100 115 102]

2016/12/29 18:39:48 [I] [GoCallBack.go:41] &{70 1 [10 12 87 104 115 95 49 49 49 49 49 49 49 48 18 9 230 136 145 229 190 136 229 184 133 26 6 49 50 51 52 53 54 32 2 40 1 50 23 229 184 133 229 136 176 230 178 161 230 156 139 229 143 139 100 115 102 115 102 100 115 102]}

2016/12/29 18:39:48 [I] [LoginLogicHandler.go:68] [10 12 87 104 115 95 49 49 49 49 49 49 49 48 18 9 230 136 145 229 190 136 229 184 133 26 6 49 50 51 52 53 54 32 2 40 1 50 23 229 184 133 229 136 176 230 178 161 230 156 139 229 143 139 100 115 102 115 102 100 115 102]

2016/12/29 18:39:48 [I] [LoginLogicHandler.go:75] account:"Whs_11111110" name:"\346\210\221\345\276\210\345\270\205" passwd:"123456" icon:2 sex:1 autograph:"\345\270\205\345\210\260\346\262\241\346\234\213\345\217\213dsfsfdsf" 

2016/12/29 18:39:48 [I] [GoCallBack.go:63] [8 2 16 0]

2016/12/29 18:39:48 [I] [GoPacket.go:48] [0 0 0 20 4 181 112 138 22 214 90 170 80 217 0 179 224 246 222 59]

2016/12/29 18:40:25 [E] [GoProtocol.go:25] io.ReadFull  EOF

2016/12/29 18:40:25 [I] [GoCallBack.go:52] OnClose: &{0 192.168.2.132:37725 {{0 0} 0 0 0 0}}

2016/12/29 18:40:28 [I] [GoCallBack.go:34] OnConnect: 192.168.2.132:37937

2016/12/29 18:40:29 [I] [GoProtocol.go:28] headerData: [0 0 0 84]

2016/12/29 18:40:29 [I] [GoProtocol.go:34] Data: [0 0 0 84 14 182 207 72 218 85 141 64 191 45 179 215 57 161 52 232 4 171 201 163 145 251 218 74 200 239 107 107 94 231 55 56 217 113 24 229 212 191 11 153 115 65 119 209 135 254 17 93 43 134 14 60 126 161 244 132 238 117 121 117 74 119 80 29 255 42 191 122 147 147 212 236 192 115 106 30 69 29 126 147]

2016/12/29 18:40:29 [I] [GoPacket.go:69] [0 0 0 1 10 12 87 104 115 95 49 49 49 49 49 49 49 48 18 9 230 136 145 229 190 136 229 184 133 26 6 49 50 51 52 53 54 32 2 40 1 50 23 229 184 133 229 136 176 230 178 161 230 156 139 229 143 139 100 115 102 115 102 100 115 102]

2016/12/29 18:40:29 [I] [GoCallBack.go:41] &{70 1 [10 12 87 104 115 95 49 49 49 49 49 49 49 48 18 9 230 136 145 229 190 136 229 184 133 26 6 49 50 51 52 53 54 32 2 40 1 50 23 229 184 133 229 136 176 230 178 161 230 156 139 229 143 139 100 115 102 115 102 100 115 102]}

2016/12/29 18:40:29 [I] [LoginLogicHandler.go:68] [10 12 87 104 115 95 49 49 49 49 49 49 49 48 18 9 230 136 145 229 190 136 229 184 133 26 6 49 50 51 52 53 54 32 2 40 1 50 23 229 184 133 229 136 176 230 178 161 230 156 139 229 143 139 100 115 102 115 102 100 115 102]

2016/12/29 18:40:29 [I] [LoginLogicHandler.go:75] account:"Whs_11111110" name:"\346\210\221\345\276\210\345\270\205" passwd:"123456" icon:2 sex:1 autograph:"\345\270\205\345\210\260\346\262\241\346\234\213\345\217\213dsfsfdsf" 

2016/12/29 18:40:29 [I] [GoCallBack.go:63] [8 2 16 0]

2016/12/29 18:40:29 [I] [GoPacket.go:48] [0 0 0 20 4 181 112 138 22 214 90 170 80 217 0 179 224 246 222 59]

2016/12/29 18:41:29 [E] [GoProtocol.go:25] io.ReadFull  read tcp 192.168.2.171:8000->192.168.2.132:37937: use of closed network connection

2016/12/29 18:41:29 [I] [GoCallBack.go:52] OnClose: &{0 192.168.2.132:37937 {{0 0} 0 0 0 0}}

2016/12/29 18:42:11 [I] [GoCallBack.go:34] OnConnect: 192.168.2.132:38506

2016/12/29 18:42:17 [I] [GoProtocol.go:28] headerData: [0 0 0 84]

2016/12/29 18:42:17 [I] [GoProtocol.go:34] Data: [0 0 0 84 14 182 207 72 218 85 141 64 191 45 179 215 57 161 52 232 4 171 201 163 145 251 218 74 200 239 107 107 94 231 55 56 217 113 24 229 212 191 11 153 115 65 119 209 135 254 17 93 43 134 14 60 126 161 244 132 238 117 121 117 74 119 80 29 255 42 191 122 147 147 212 236 192 115 106 30 69 29 126 147]

2016/12/29 18:42:17 [I] [GoPacket.go:69] [0 0 0 1 10 12 87 104 115 95 49 49 49 49 49 49 49 48 18 9 230 136 145 229 190 136 229 184 133 26 6 49 50 51 52 53 54 32 2 40 1 50 23 229 184 133 229 136 176 230 178 161 230 156 139 229 143 139 100 115 102 115 102 100 115 102]

2016/12/29 18:42:17 [I] [GoCallBack.go:41] &{70 1 [10 12 87 104 115 95 49 49 49 49 49 49 49 48 18 9 230 136 145 229 190 136 229 184 133 26 6 49 50 51 52 53 54 32 2 40 1 50 23 229 184 133 229 136 176 230 178 161 230 156 139 229 143 139 100 115 102 115 102 100 115 102]}

2016/12/29 18:42:17 [I] [LoginLogicHandler.go:68] [10 12 87 104 115 95 49 49 49 49 49 49 49 48 18 9 230 136 145 229 190 136 229 184 133 26 6 49 50 51 52 53 54 32 2 40 1 50 23 229 184 133 229 136 176 230 178 161 230 156 139 229 143 139 100 115 102 115 102 100 115 102]

2016/12/29 18:42:17 [I] [LoginLogicHandler.go:75] account:"Whs_11111110" name:"\346\210\221\345\276\210\345\270\205" passwd:"123456" icon:2 sex:1 autograph:"\345\270\205\345\210\260\346\262\241\346\234\213\345\217\213dsfsfdsf" 

2016/12/29 18:42:17 [I] [GoCallBack.go:63] [8 2 16 0]

2016/12/29 18:42:17 [I] [GoPacket.go:48] [0 0 0 20 4 181 112 138 22 214 90 170 80 217 0 179 224 246 222 59]

